\BOOKMARK [0][-]{Doc-Start}{\376\377\000C\000e\000r\000t\000i\000f\000i\000c\000a\000t\000i\000o\000n\000\040\000o\000f\000\040\000A\000p\000p\000r\000o\000v\000a\000l}{}% 1
\BOOKMARK [0][-]{Doc-Start}{\376\377\000C\000e\000r\000t\000i\000f\000i\000c\000a\000t\000e}{}% 2
\BOOKMARK [0][-]{Doc-Start}{\376\377\000D\000e\000c\000l\000a\000r\000a\000t\000i\000o\000n}{}% 3
\BOOKMARK [0][-]{Item.6}{\376\377\000A\000c\000k\000n\000o\000w\000l\000e\000d\000g\000m\000e\000n\000t\000s}{}% 4
\BOOKMARK [0][-]{chapter*.1}{\376\377\000A\000b\000s\000t\000r\000a\000c\000t}{}% 5
\BOOKMARK [0][-]{chapter*.2}{\376\377\000L\000i\000s\000t\000\040\000o\000f\000\040\000F\000i\000g\000u\000r\000e\000s}{}% 6
\BOOKMARK [0][-]{chapter*.3}{\376\377\000L\000i\000s\000t\000\040\000o\000f\000\040\000T\000a\000b\000l\000e\000s}{}% 7
\BOOKMARK [0][-]{chapter*.4}{\376\377\000L\000i\000s\000t\000\040\000o\000f\000\040\000A\000b\000b\000r\000e\000v\000i\000a\000t\000i\000o\000n\000s}{}% 8
\BOOKMARK [0][-]{table.0.1}{\376\377\000L\000i\000s\000t\000\040\000o\000f\000\040\000S\000y\000m\000b\000o\000l\000s}{}% 9
\BOOKMARK [0][-]{chapter.1}{\376\377\000I\000n\000t\000r\000o\000d\000u\000c\000t\000i\000o\000n}{}% 10
\BOOKMARK [1][-]{section.1.1}{\376\377\000L\000i\000t\000e\000r\000a\000t\000u\000r\000e\000\040\000S\000u\000r\000v\000e\000y}{chapter.1}% 11
\BOOKMARK [1][-]{section.1.2}{\376\377\000M\000o\000t\000i\000v\000a\000t\000i\000o\000n}{chapter.1}% 12
\BOOKMARK [0][-]{chapter.2}{\376\377\000R\000u\000n\000t\000i\000m\000e\000\040\000E\000n\000f\000o\000r\000c\000e\000m\000e\000n\000t\000\040\000F\000r\000a\000m\000e\000w\000o\000r\000k}{}% 13
\BOOKMARK [1][-]{section.2.1}{\376\377\000P\000r\000e\000l\000i\000m\000i\000n\000a\000r\000i\000e\000s\000\040\000a\000n\000d\000\040\000N\000o\000t\000a\000t\000i\000o\000n}{chapter.2}% 14
\BOOKMARK [2][-]{subsection.2.1.1}{\376\377\000E\000d\000i\000t\000\040\000F\000u\000n\000c\000t\000i\000o\000n\000s}{section.2.1}% 15
\BOOKMARK [2][-]{subsection.2.1.2}{\376\377\000R\000u\000n\000t\000i\000m\000e\000\040\000E\000n\000f\000o\000r\000c\000e\000m\000e\000n\000t\000\040\000f\000o\000r\000\040\000S\000y\000n\000c\000h\000r\000o\000n\000o\000u\000s\000\040\000P\000r\000o\000g\000r\000a\000m\000s}{section.2.1}% 16
\BOOKMARK [1][-]{section.2.2}{\376\377\000R\000u\000n\000t\000i\000m\000e\000\040\000E\000n\000f\000o\000r\000c\000e\000m\000e\000n\000t\000\040\000F\000r\000a\000m\000e\000w\000o\000r\000k\000\040\000f\000o\000r\000\040\000P\000o\000l\000i\000c\000i\000e\000s\000\040\000D\000e\000f\000i\000n\000e\000d\000\040\000a\000s\000\040\000S\000A}{chapter.2}% 17
\BOOKMARK [1][-]{section.2.3}{\376\377\000M\000o\000n\000o\000l\000i\000t\000h\000i\000c\000\040\000a\000n\000d\000\040\000I\000n\000c\000r\000e\000m\000e\000n\000t\000a\000l\000\040\000S\000c\000h\000e\000m\000e\000s\000\040\000f\000o\000r\000\040\000E\000n\000f\000o\000r\000c\000i\000n\000g\000\040\000M\000u\000l\000t\000i\000p\000l\000e\000\040\000P\000o\000l\000i\000c\000i\000e\000s}{chapter.2}% 18
\BOOKMARK [2][-]{subsection.2.3.1}{\376\377\000M\000o\000n\000o\000l\000i\000t\000h\000i\000c\000\040\000s\000e\000c\000u\000r\000i\000t\000y\000\040\000e\000n\000f\000o\000r\000c\000e\000m\000e\000n\000t}{section.2.3}% 19
\BOOKMARK [2][-]{subsection.2.3.2}{\376\377\000I\000n\000c\000r\000e\000m\000e\000n\000t\000a\000l\000\040\000c\000o\000m\000p\000o\000s\000i\000t\000i\000o\000n\000\040\000o\000f\000\040\000s\000e\000c\000u\000r\000i\000t\000y\000\040\000e\000n\000f\000o\000r\000c\000e\000r\000s}{section.2.3}% 20
\BOOKMARK [1][-]{section.2.4}{\376\377\000R\000e\000v\000i\000s\000i\000t\000i\000n\000g\000\040\000I\000n\000c\000r\000e\000m\000e\000n\000t\000a\000l\000\040\000S\000e\000c\000u\000r\000i\000t\000y\000\040\000E\000n\000f\000o\000r\000c\000e\000m\000e\000n\000t\000\040\000S\000c\000h\000e\000m\000e}{chapter.2}% 21
\BOOKMARK [2][-]{subsection.2.4.1}{\376\377\000S\000e\000l\000e\000c\000t\000\040\000F\000u\000n\000c\000t\000i\000o\000n\000s}{section.2.4}% 22
\BOOKMARK [2][-]{subsection.2.4.2}{\376\377\000I\000n\000c\000r\000e\000m\000e\000n\000t\000a\000l\000\040\000E\000n\000f\000o\000r\000c\000e\000m\000e\000n\000t\000\040\000S\000c\000h\000e\000m\000e\000\040\000u\000s\000i\000n\000g\000\040\000S\000e\000l\000e\000c\000t\000\040\000F\000u\000n\000c\000t\000i\000o\000n\000s}{section.2.4}% 23
\BOOKMARK [0][-]{chapter.3}{\376\377\000P\000r\000o\000b\000l\000e\000m\000\040\000S\000t\000a\000t\000e\000m\000e\000n\000t}{}% 24
\BOOKMARK [1][-]{section.3.1}{\376\377\000D\000A\000R\000P\000:\000\040\000D\000i\000v\000i\000d\000e\000\040\000A\000r\000e\000a\000s\000\040\000A\000l\000g\000o\000r\000i\000t\000h\000m\000\040\000f\000o\000r\000\040\000O\000p\000t\000i\000m\000a\000l\000\040\000M\000u\000l\000t\000i\000-\000R\000o\000b\000o\000t\000\040\000C\000o\000v\000e\000r\000a\000g\000e\000\040\000P\000a\000t\000h\000\040\000P\000l\000a\000n\000n\000i\000n\000g}{chapter.3}% 25
\BOOKMARK [1][-]{section.3.2}{\376\377\000D\000r\000o\000n\000e\000\040\000S\000w\000a\000r\000m\000s}{chapter.3}% 26
\BOOKMARK [1][-]{section.3.3}{\376\377\000A\000t\000t\000a\000c\000k\000\040\000O\000n\000\040\000D\000r\000o\000n\000e\000s}{chapter.3}% 27
\BOOKMARK [1][-]{section.3.4}{\376\377\000M\000i\000t\000i\000g\000a\000t\000i\000o\000n\000\040\000w\000i\000t\000h\000\040\000E\000n\000f\000o\000r\000c\000e\000m\000e\000n\000t}{chapter.3}% 28
\BOOKMARK [0][-]{chapter.4}{\376\377\000I\000m\000p\000l\000e\000m\000e\000n\000t\000a\000t\000i\000o\000n\000\040\000a\000n\000d\000\040\000E\000v\000a\000l\000u\000a\000t\000i\000o\000n}{}% 29
\BOOKMARK [1][-]{section.4.1}{\376\377\000E\000v\000a\000l\000u\000a\000t\000i\000o\000n\000\040\000P\000a\000r\000a\000m\000e\000t\000e\000r\000s}{chapter.4}% 30
\BOOKMARK [0][-]{section.4.1}{\376\377\000A\000p\000p\000e\000n\000d\000i\000x}{}% 31
\BOOKMARK [0][-]{appendix.A}{}{}% 32
\BOOKMARK [0][-]{equation.A.0.1}{\376\377\000P\000u\000b\000l\000i\000c\000a\000t\000i\000o\000n\000s}{}% 33
\BOOKMARK [0][-]{Item.17}{\376\377\000B\000i\000b\000l\000i\000o\000g\000r\000a\000p\000h\000y}{}% 34
